<?xml version="1.0" encoding="UTF-8"?>
<coverage generated="1618585461275" clover="3.2.0">
  <project timestamp="1618585461275" name="All files">
    <metrics statements="8" coveredstatements="8" conditionals="8" coveredconditionals="3" methods="0" coveredmethods="0" elements="16" coveredelements="11" complexity="0" loc="8" ncloc="8" packages="3" files="3" classes="3"/>
    <package name="components.counter">
      <metrics statements="4" coveredstatements="4" conditionals="2" coveredconditionals="1" methods="0" coveredmethods="0"/>
      <file name="Counter.svelte" path="/home/navneetsharma/Documents/Work/sapper-related/sveltkit/sveltekit-starter/src/lib/shared/components/counter/Counter.svelte">
        <metrics statements="4" coveredstatements="4" conditionals="2" coveredconditionals="1" methods="0" coveredmethods="0"/>
        <line num="2" count="3" type="stmt"/>
        <line num="5" count="5" type="stmt"/>
        <line num="8" count="1" type="stmt"/>
        <line num="14" count="15" type="cond" truecount="1" falsecount="1"/>
      </file>
    </package>
    <package name="components.title">
      <metrics statements="2" coveredstatements="2" conditionals="3" coveredconditionals="1" methods="0" coveredmethods="0"/>
      <file name="Title.svelte" path="/home/navneetsharma/Documents/Work/sapper-related/sveltkit/sveltekit-starter/src/lib/shared/components/title/Title.svelte">
        <metrics statements="2" coveredstatements="2" conditionals="3" coveredconditionals="1" methods="0" coveredmethods="0"/>
        <line num="2" count="1" type="cond" truecount="1" falsecount="0"/>
        <line num="6" count="1" type="cond" truecount="0" falsecount="2"/>
      </file>
    </package>
    <package name="ui.components.header">
      <metrics statements="2" coveredstatements="2" conditionals="3" coveredconditionals="1" methods="0" coveredmethods="0"/>
      <file name="Header.svelte" path="/home/navneetsharma/Documents/Work/sapper-related/sveltkit/sveltekit-starter/src/lib/shared/ui/components/header/Header.svelte">
        <metrics statements="2" coveredstatements="2" conditionals="3" coveredconditionals="1" methods="0" coveredmethods="0"/>
        <line num="2" count="1" type="cond" truecount="1" falsecount="0"/>
        <line num="12" count="1" type="cond" truecount="0" falsecount="2"/>
      </file>
    </package>
  </project>
</coverage>
