{"/home/navneetsharma/Documents/Work/sapper-related/sveltkit/sveltekit-starter/src/lib/shared/components/counter/Counter.svelte": {"path":"/home/navneetsharma/Documents/Work/sapper-related/sveltkit/sveltekit-starter/src/lib/shared/components/counter/Counter.svelte","statementMap":{"0":{"start":{"line":14,"column":2},"end":{"line":14,"column":null}},"1":{"start":{"line":2,"column":13},"end":{"line":2,"column":14}},"2":{"start":{"line":5,"column":2},"end":{"line":5,"column":null}},"3":{"start":{"line":8,"column":2},"end":{"line":8,"column":null}}},"fnMap":{},"branchMap":{"0":{"loc":{"start":{"line":14,"column":2},"end":{"line":14,"column":null}},"type":"if","locations":[{"start":{"line":14,"column":2},"end":{"line":14,"column":null}},{"start":{"line":14,"column":2},"end":{"line":14,"column":null}}]}},"s":{"0":15,"1":3,"2":5,"3":1},"f":{},"b":{"0":[6,0]}}
,"/home/navneetsharma/Documents/Work/sapper-related/sveltkit/sveltekit-starter/src/lib/shared/components/title/Title.svelte": {"path":"/home/navneetsharma/Documents/Work/sapper-related/sveltkit/sveltekit-starter/src/lib/shared/components/title/Title.svelte","statementMap":{"0":{"start":{"line":6,"column":9},"end":{"line":6,"column":null}},"1":{"start":{"line":2,"column":28},"end":{"line":2,"column":null}}},"fnMap":{},"branchMap":{"0":{"loc":{"start":{"line":6,"column":9},"end":{"line":6,"column":14}},"type":"binary-expr","locations":[{"start":{"line":6,"column":9},"end":{"line":6,"column":14}},{"start":{"line":6,"column":9},"end":{"line":6,"column":null}}]},"1":{"loc":{"start":{"line":2,"column":20},"end":{"line":2,"column":28}},"type":"default-arg","locations":[{"start":{"line":2,"column":20},"end":{"line":2,"column":28}}]}},"s":{"0":1,"1":1},"f":{},"b":{"0":[0,0],"1":[1]}}
,"/home/navneetsharma/Documents/Work/sapper-related/sveltkit/sveltekit-starter/src/lib/shared/ui/components/header/Header.svelte": {"path":"/home/navneetsharma/Documents/Work/sapper-related/sveltkit/sveltekit-starter/src/lib/shared/ui/components/header/Header.svelte","statementMap":{"0":{"start":{"line":12,"column":31},"end":{"line":12,"column":null}},"1":{"start":{"line":2,"column":22},"end":{"line":2,"column":null}}},"fnMap":{},"branchMap":{"0":{"loc":{"start":{"line":12,"column":31},"end":{"line":12,"column":null}},"type":"if","locations":[{"start":{"line":12,"column":31},"end":{"line":12,"column":null}},{"start":{"line":12,"column":31},"end":{"line":12,"column":null}}]},"1":{"loc":{"start":{"line":2,"column":20},"end":{"line":2,"column":22}},"type":"default-arg","locations":[{"start":{"line":2,"column":20},"end":{"line":2,"column":22}}]}},"s":{"0":1,"1":1},"f":{},"b":{"0":[0,0],"1":[1]}}
}
